<?xml version="1.0" encoding="UTF-8"?>
<!-- Generated by org.testng.reporters.JUnitXMLReporter -->
<testsuite ignored="0" hostname="Shyam" failures="0" tests="3" name="Default test" time="28.167" errors="0" timestamp="2022-10-10T13:39:12 GMT-04:00">
  <testcase classname="com.crm.qa.testcases.LoginPageTest" name="loginPageTitleTest" time="0.106"/>
  <testcase classname="com.crm.qa.testcases.LoginPageTest" name="crmLogoImageTest" time="0.342"/>
  <testcase classname="com.crm.qa.testcases.LoginPageTest" name="loginTest" time="5.397"/>
</testsuite> <!-- Default test -->
