<?xml version="1.0" encoding="UTF-8"?>
<!-- Generated by org.testng.reporters.JUnitXMLReporter -->
<testsuite ignored="0" hostname="Shyam" failures="0" tests="13" name="Free CRM Test Cases" time="133.952" errors="0" timestamp="2022-09-06T18:27:12 GMT-04:00">
  <testcase classname="com.crm.qa.testcases.LoginPageTest" name="loginPageTitleTest" time="0.078"/>
  <testcase classname="com.crm.qa.testcases.LoginPageTest" name="crmLogoImageTest" time="0.312"/>
  <testcase classname="com.crm.qa.testcases.LoginPageTest" name="loginTest" time="4.791"/>
  <testcase classname="com.crm.qa.testcases.HomePageTest" name="homePageTitleTest" time="0.028"/>
  <testcase classname="com.crm.qa.testcases.HomePageTest" name="verifyUserLabelTest" time="0.198"/>
  <testcase classname="com.crm.qa.testcases.HomePageTest" name="verifyContactsLinkTest" time="1.207"/>
  <testcase classname="com.crm.qa.testcases.HomePageTest" name="verifyDealsLinkTest" time="1.199"/>
  <testcase classname="com.crm.qa.testcases.HomePageTest" name="verifyTasksLinkTest" time="1.049"/>
  <testcase classname="com.crm.qa.testcases.ContactsPageTest" name="verifyContactsLabelTest" time="1.214"/>
  <testcase classname="com.crm.qa.testcases.ContactsPageTest" name="selectMultipleContactsTest" time="1.683"/>
  <testcase classname="com.crm.qa.testcases.ContactsPageTest" name="validateCreateNewContacts" time="4.183"/>
  <testcase classname="com.crm.qa.testcases.ContactsPageTest" name="validateCreateNewContacts" time="4.118"/>
  <testcase classname="com.crm.qa.testcases.ContactsPageTest" name="validateCreateNewContacts" time="3.952"/>
</testsuite> <!-- Free CRM Test Cases -->
